[35m[Appium][39m Welcome to Appium v1.22.0
[35m[Appium][39m Non-default server args:
[35m[Appium][39m   port: 57313
[35m[Appium][39m   loglevel: info
[35m[Appium][39m   tmpDir: C:\Users\RAMAAG~1\AppData\Local\Temp\\Katalon\Appium\Temp1688912487259
[35m[Appium][39m   chromedriverPort: 57314
[35m[Appium][39m Deprecated server args:
[35m[Appium][39m   [31m--chromedriver-port[39m => --default-capabilities
[35m[Appium][39m Default capabilities, which will be added to each request unless overridden by desired capabilities:
[35m[Appium][39m   chromedriverPort: 57314
[35m[Appium][39m Appium REST http interface listener started on 0.0.0.0:57313
[35m[HTTP][39m [37m-->[39m [37mGET[39m [37m/wd/hub/status[39m
[35m[HTTP][39m [90m{}[39m
[35m[HTTP][39m [37m<-- GET /wd/hub/status [39m[32m200[39m [90m13 ms - 68[39m
[35m[HTTP][39m [90m[39m
[35m[HTTP][39m [37m-->[39m [37mGET[39m [37m/wd/hub/status[39m
[35m[HTTP][39m [90m{}[39m
[35m[HTTP][39m [37m<-- GET /wd/hub/status [39m[32m200[39m [90m1 ms - 68[39m
[35m[HTTP][39m [90m[39m
[35m[HTTP][39m [37m-->[39m [37mPOST[39m [37m/wd/hub/session[39m
[35m[HTTP][39m [90m{"desiredCapabilities":{"app":"C:\\Users\\Rama Agung\\Downloads\\Bareksa - Super App Investasi_3.4.0_apkcombo.com.apk","noReset":true,"deviceName":"Xiaomi M2103K19G (Android 13)","fullReset":false,"platform":"ANDROID","newCommandTimeout":1800,"platformVersion":"13","automationName":"uiautomator2","autoGrantPermissions":true,"platformName":"Android","udid":"s8w45pjv55t4aehq","systemPort":57320},"capabilities":{"firstMatch":[{"appium:app":"C:\\Users\\Rama Agung\\Downloads\\Bareksa - Super App Investasi_3.4.0_apkcombo.com.apk","appium:autoGrantPermissions":true,"appium:automationName":"uiautomator2","appium:deviceName":"Xiaomi M2103K19G (Android 13)","appium:fullReset":false,"appium:newCommandTimeout":1800,"appium:noReset":true,"platform":"ANDROID","platformName":"android","appium:platformVersion":"13","appium:systemPort":57320,"appium:udid":"s8w45pjv55t4aehq"}]}}[39m
[35m[BaseDriver][39m The following capabilities are not standard capabilities and should have an extension prefix:
[35m[BaseDriver][39m   platform
[35m[BaseDriver][39m   chromedriverPort
[35m[Appium][39m Appium v1.22.0 creating new AndroidUiautomator2Driver (v1.69.0) session
[35m[BaseDriver][39m The following capabilities were provided, but are not recognized by Appium:
[35m[BaseDriver][39m   platform
[35m[BaseDriver][39m Session created with session id: 6025ff14-58f0-4343-a352-af7ab309fb31
[35m[BaseDriver][39m Using local app 'C:\Users\Rama Agung\Downloads\Bareksa - Super App Investasi_3.4.0_apkcombo.com.apk'
[35m[ADB][39m Found 1 'build-tools' folders under 'C:\Users\Rama Agung\.katalon\tools\android_sdk' (newest first):
[35m[ADB][39m     C:/Users/Rama Agung/.katalon/tools/android_sdk/build-tools/29.0.3
[35m[ADB][39m Using 'adb.exe' from 'C:\Users\Rama Agung\.katalon\tools\android_sdk\platform-tools\adb.exe'
[35m[AndroidDriver][39m Retrieving device list
[35m[AndroidDriver][39m Using device: s8w45pjv55t4aehq
[35m[ADB][39m Using 'adb.exe' from 'C:\Users\Rama Agung\.katalon\tools\android_sdk\platform-tools\adb.exe'
[35m[ADB][39m Getting device platform version
[35m[UiAutomator2][39m Relaxing hidden api policy
[35m[ADB][39m Package name: 'com.bareksa.app'
[35m[ADB][39m Main activity name: 'com.bareksa.app.activity.SplashActivity'
[35m[ADB][39m Using 'apksigner.jar' from 'C:\Users\Rama Agung\.katalon\tools\android_sdk\build-tools\29.0.3\lib\apksigner.jar'
[35m[ADB][39m 'C:\Users\Rama Agung\AppData\Roaming\npm\node_modules\appium\node_modules\appium-uiautomator2-server\apks\appium-uiautomator2-server-v4.24.0.apk' is signed with the default certificate
[35m[ADB][39m 'C:\Users\Rama Agung\AppData\Roaming\npm\node_modules\appium\node_modules\appium-uiautomator2-server\apks\appium-uiautomator2-server-debug-androidTest.apk' is signed with the default certificate
[35m[UiAutomator2][39m Server packages are not going to be (re)installed
[35m[ADB][39m Adding packages ["io.appium.settings","io.appium.uiautomator2.server","io.appium.uiautomator2.server.test"] to Doze whitelist
[35m[ADB][39m 'C:\Users\Rama Agung\Downloads\Bareksa - Super App Investasi_3.4.0_apkcombo.com.apk' is signed with a non-default certificate
[35m[ADB][39m The application at 'C:\Users\Rama Agung\Downloads\Bareksa - Super App Investasi_3.4.0_apkcombo.com.apk' will not be cached, because the device under test has confirmed the support of streamed installs
[35m[ADB][39m The installation of 'Bareksa - Super App Investasi_3.4.0_apkcombo.com.apk' took 5702ms
[35m[UiAutomator2][39m Starting UIAutomator2 server 4.24.0
[35m[UiAutomator2][39m Using UIAutomator2 server from 'C:\Users\Rama Agung\AppData\Roaming\npm\node_modules\appium\node_modules\appium-uiautomator2-server\apks\appium-uiautomator2-server-v4.24.0.apk' and test from 'C:\Users\Rama Agung\AppData\Roaming\npm\node_modules\appium\node_modules\appium-uiautomator2-server\apks\appium-uiautomator2-server-debug-androidTest.apk'
[35m[UiAutomator2][39m Waiting up to 30000ms for UiAutomator2 to be online...
[35m[WD Proxy][39m socket hang up
[35m[WD Proxy][39m socket hang up
[35m[WD Proxy][39m socket hang up
[35m[WD Proxy][39m Determined the downstream protocol as 'W3C'
[35m[AndroidDriver][39m Screen already unlocked, doing nothing
[35m[UiAutomator2][39m Starting 'com.bareksa.app/com.bareksa.app.activity.SplashActivity and waiting for 'com.bareksa.app/com.bareksa.app.activity.SplashActivity'
[35m[Appium][39m New AndroidUiautomator2Driver session created successfully, session 6025ff14-58f0-4343-a352-af7ab309fb31 added to master session list
[35m[HTTP][39m [37m<-- POST /wd/hub/session [39m[32m200[39m [90m17201 ms - 1344[39m
[35m[HTTP][39m [90m[39m
[35m[HTTP][39m [37m-->[39m [37mGET[39m [37m/wd/hub/session/6025ff14-58f0-4343-a352-af7ab309fb31[39m
[35m[HTTP][39m [90m{}[39m
[35m[HTTP][39m [37m<-- GET /wd/hub/session/6025ff14-58f0-4343-a352-af7ab309fb31 [39m[32m200[39m [90m14 ms - 1298[39m
[35m[HTTP][39m [90m[39m
[35m[HTTP][39m [37m-->[39m [37mGET[39m [37m/wd/hub/session/6025ff14-58f0-4343-a352-af7ab309fb31[39m
[35m[HTTP][39m [90m{}[39m
[35m[HTTP][39m [37m<-- GET /wd/hub/session/6025ff14-58f0-4343-a352-af7ab309fb31 [39m[32m200[39m [90m15 ms - 1298[39m
[35m[HTTP][39m [90m[39m
[35m[HTTP][39m [37m-->[39m [37mGET[39m [37m/wd/hub/status[39m
[35m[HTTP][39m [90m{}[39m
[35m[HTTP][39m [37m<-- GET /wd/hub/status [39m[32m200[39m [90m1 ms - 68[39m
[35m[HTTP][39m [90m[39m
[35m[HTTP][39m [37m-->[39m [37mPOST[39m [37m/wd/hub/session/6025ff14-58f0-4343-a352-af7ab309fb31/timeouts[39m
[35m[HTTP][39m [90m{"implicit":60000}[39m
[35m[HTTP][39m [37m<-- POST /wd/hub/session/6025ff14-58f0-4343-a352-af7ab309fb31/timeouts [39m[32m200[39m [90m3 ms - 14[39m
[35m[HTTP][39m [90m[39m
[35m[HTTP][39m [37m-->[39m [37mGET[39m [37m/wd/hub/session/6025ff14-58f0-4343-a352-af7ab309fb31/source[39m
[35m[HTTP][39m [90m{}[39m
[35m[W3C (6025ff14)][39m Driver proxy active, passing request on via HTTP proxy
[35m[WD Proxy][39m Replacing sessionId ce35fe86-2fe2-41e0-adab-6f3a7a85be9c with 6025ff14-58f0-4343-a352-af7ab309fb31
[35m[HTTP][39m [37m<-- GET /wd/hub/session/6025ff14-58f0-4343-a352-af7ab309fb31/source [39m[32m200[39m [90m878 ms - 15539[39m
[35m[HTTP][39m [90m[39m
[35m[HTTP][39m [37m-->[39m [37mGET[39m [37m/wd/hub/session/6025ff14-58f0-4343-a352-af7ab309fb31/screenshot[39m
[35m[HTTP][39m [90m{}[39m
[35m[HTTP][39m [37m<-- GET /wd/hub/session/6025ff14-58f0-4343-a352-af7ab309fb31/screenshot [39m[32m200[39m [90m778 ms - 350792[39m
[35m[HTTP][39m [90m[39m
[35m[HTTP][39m [37m-->[39m [37mPOST[39m [37m/wd/hub/session/6025ff14-58f0-4343-a352-af7ab309fb31/elements[39m
[35m[HTTP][39m [90m{"using":"xpath","value":"//*[@class = 'android.widget.Button' and (@text = 'Login' or . = 'Login') and @resource-id = 'com.bareksa.app:id/btn_login']"}[39m
[35m[HTTP][39m [37m<-- POST /wd/hub/session/6025ff14-58f0-4343-a352-af7ab309fb31/elements [39m[32m200[39m [90m142 ms - 139[39m
[35m[HTTP][39m [90m[39m
[35m[HTTP][39m [37m-->[39m [37mGET[39m [37m/wd/hub/session/6025ff14-58f0-4343-a352-af7ab309fb31/window/rect[39m
[35m[HTTP][39m [90m{}[39m
[35m[HTTP][39m [37m<-- GET /wd/hub/session/6025ff14-58f0-4343-a352-af7ab309fb31/window/rect [39m[32m200[39m [90m40 ms - 50[39m
[35m[HTTP][39m [90m[39m
[35m[HTTP][39m [37m-->[39m [37mPOST[39m [37m/wd/hub/session/6025ff14-58f0-4343-a352-af7ab309fb31/elements[39m
[35m[HTTP][39m [90m{"using":"xpath","value":"//*[@class = 'android.widget.Button' and (@text = 'Login' or . = 'Login') and @resource-id = 'com.bareksa.app:id/btn_login']"}[39m
[35m[HTTP][39m [37m<-- POST /wd/hub/session/6025ff14-58f0-4343-a352-af7ab309fb31/elements [39m[32m200[39m [90m88 ms - 139[39m
[35m[HTTP][39m [90m[39m
[35m[HTTP][39m [37m-->[39m [37mGET[39m [37m/wd/hub/session/6025ff14-58f0-4343-a352-af7ab309fb31/element/00000000-0000-012a-ffff-ffff00000018/location[39m
[35m[HTTP][39m [90m{}[39m
[35m[W3C (6025ff14)][39m Driver proxy active, passing request on via HTTP proxy
[35m[WD Proxy][39m Replacing sessionId ce35fe86-2fe2-41e0-adab-6f3a7a85be9c with 6025ff14-58f0-4343-a352-af7ab309fb31
[35m[HTTP][39m [37m<-- GET /wd/hub/session/6025ff14-58f0-4343-a352-af7ab309fb31/element/00000000-0000-012a-ffff-ffff00000018/location [39m[32m200[39m [90m23 ms - 78[39m
[35m[HTTP][39m [90m[39m
[35m[HTTP][39m [37m-->[39m [37mPOST[39m [37m/wd/hub/session/6025ff14-58f0-4343-a352-af7ab309fb31/element/00000000-0000-012a-ffff-ffff00000018/click[39m
[35m[HTTP][39m [90m{"id":"00000000-0000-012a-ffff-ffff00000018"}[39m
[35m[HTTP][39m [37m<-- POST /wd/hub/session/6025ff14-58f0-4343-a352-af7ab309fb31/element/00000000-0000-012a-ffff-ffff00000018/click [39m[32m200[39m [90m57 ms - 14[39m
[35m[HTTP][39m [90m[39m
[35m[HTTP][39m [37m-->[39m [37mGET[39m [37m/wd/hub/session/6025ff14-58f0-4343-a352-af7ab309fb31/source[39m
[35m[HTTP][39m [90m{}[39m
[35m[W3C (6025ff14)][39m Driver proxy active, passing request on via HTTP proxy
[35m[WD Proxy][39m Replacing sessionId ce35fe86-2fe2-41e0-adab-6f3a7a85be9c with 6025ff14-58f0-4343-a352-af7ab309fb31
[35m[HTTP][39m [37m<-- GET /wd/hub/session/6025ff14-58f0-4343-a352-af7ab309fb31/source [39m[32m200[39m [90m247 ms - 14208[39m
[35m[HTTP][39m [90m[39m
[35m[HTTP][39m [37m-->[39m [37mGET[39m [37m/wd/hub/session/6025ff14-58f0-4343-a352-af7ab309fb31/screenshot[39m
[35m[HTTP][39m [90m{}[39m
[35m[HTTP][39m [37m<-- GET /wd/hub/session/6025ff14-58f0-4343-a352-af7ab309fb31/screenshot [39m[32m200[39m [90m650 ms - 161404[39m
[35m[HTTP][39m [90m[39m
[35m[HTTP][39m [37m-->[39m [37mPOST[39m [37m/wd/hub/session/6025ff14-58f0-4343-a352-af7ab309fb31/elements[39m
[35m[HTTP][39m [90m{"using":"xpath","value":"//*[@class = 'android.widget.Button' and (@text = 'Saya Belum Memiliki Akun' or . = 'Saya Belum Memiliki Akun') and @resource-id = 'com.bareksa.app:id/bt_register']"}[39m
[35m[HTTP][39m [37m<-- POST /wd/hub/session/6025ff14-58f0-4343-a352-af7ab309fb31/elements [39m[32m200[39m [90m205 ms - 139[39m
[35m[HTTP][39m [90m[39m
[35m[HTTP][39m [37m-->[39m [37mGET[39m [37m/wd/hub/session/6025ff14-58f0-4343-a352-af7ab309fb31/window/rect[39m
[35m[HTTP][39m [90m{}[39m
[35m[HTTP][39m [37m<-- GET /wd/hub/session/6025ff14-58f0-4343-a352-af7ab309fb31/window/rect [39m[32m200[39m [90m27 ms - 50[39m
[35m[HTTP][39m [90m[39m
[35m[HTTP][39m [37m-->[39m [37mPOST[39m [37m/wd/hub/session/6025ff14-58f0-4343-a352-af7ab309fb31/elements[39m
[35m[HTTP][39m [90m{"using":"xpath","value":"//*[@class = 'android.widget.Button' and (@text = 'Saya Belum Memiliki Akun' or . = 'Saya Belum Memiliki Akun') and @resource-id = 'com.bareksa.app:id/bt_register']"}[39m
[35m[HTTP][39m [37m<-- POST /wd/hub/session/6025ff14-58f0-4343-a352-af7ab309fb31/elements [39m[32m200[39m [90m195 ms - 139[39m
[35m[HTTP][39m [90m[39m
[35m[HTTP][39m [37m-->[39m [37mGET[39m [37m/wd/hub/session/6025ff14-58f0-4343-a352-af7ab309fb31/element/00000000-0000-012b-ffff-ffff0000005b/location[39m
[35m[HTTP][39m [90m{}[39m
[35m[W3C (6025ff14)][39m Driver proxy active, passing request on via HTTP proxy
[35m[WD Proxy][39m Replacing sessionId ce35fe86-2fe2-41e0-adab-6f3a7a85be9c with 6025ff14-58f0-4343-a352-af7ab309fb31
[35m[HTTP][39m [37m<-- GET /wd/hub/session/6025ff14-58f0-4343-a352-af7ab309fb31/element/00000000-0000-012b-ffff-ffff0000005b/location [39m[32m200[39m [90m30 ms - 78[39m
[35m[HTTP][39m [90m[39m
[35m[HTTP][39m [37m-->[39m [37mPOST[39m [37m/wd/hub/session/6025ff14-58f0-4343-a352-af7ab309fb31/element/00000000-0000-012b-ffff-ffff0000005b/click[39m
[35m[HTTP][39m [90m{"id":"00000000-0000-012b-ffff-ffff0000005b"}[39m
[35m[HTTP][39m [37m<-- POST /wd/hub/session/6025ff14-58f0-4343-a352-af7ab309fb31/element/00000000-0000-012b-ffff-ffff0000005b/click [39m[32m200[39m [90m60 ms - 14[39m
[35m[HTTP][39m [90m[39m
[35m[HTTP][39m [37m-->[39m [37mGET[39m [37m/wd/hub/session/6025ff14-58f0-4343-a352-af7ab309fb31/source[39m
[35m[HTTP][39m [90m{}[39m
[35m[W3C (6025ff14)][39m Driver proxy active, passing request on via HTTP proxy
[35m[WD Proxy][39m Replacing sessionId ce35fe86-2fe2-41e0-adab-6f3a7a85be9c with 6025ff14-58f0-4343-a352-af7ab309fb31
[35m[HTTP][39m [37m<-- GET /wd/hub/session/6025ff14-58f0-4343-a352-af7ab309fb31/source [39m[32m200[39m [90m391 ms - 21588[39m
[35m[HTTP][39m [90m[39m
[35m[HTTP][39m [37m-->[39m [37mGET[39m [37m/wd/hub/session/6025ff14-58f0-4343-a352-af7ab309fb31/screenshot[39m
[35m[HTTP][39m [90m{}[39m
[35m[HTTP][39m [37m<-- GET /wd/hub/session/6025ff14-58f0-4343-a352-af7ab309fb31/screenshot [39m[32m200[39m [90m684 ms - 156908[39m
[35m[HTTP][39m [90m[39m
[35m[HTTP][39m [37m-->[39m [37mDELETE[39m [37m/wd/hub/session/6025ff14-58f0-4343-a352-af7ab309fb31[39m
[35m[HTTP][39m [90m{}[39m
[35m[Appium][39m Removing session 6025ff14-58f0-4343-a352-af7ab309fb31 from our master session list
[35m[UiAutomator2][39m Restoring hidden api policy to the device default configuration
[35m[HTTP][39m [37m<-- DELETE /wd/hub/session/6025ff14-58f0-4343-a352-af7ab309fb31 [39m[32m200[39m [90m418 ms - 14[39m
[35m[HTTP][39m [90m[39m
